2025-05-06 10:29:02,963 - __main__ - INFO - Creating model...
2025-05-06 10:29:14,661 - __main__ - INFO - Model created with 132361530 parameters
2025-05-06 10:29:14,662 - __main__ - INFO - Initializing tokenizer...
2025-05-06 10:29:27,520 - __main__ - INFO - Loading datasets...
2025-05-06 10:30:24,359 - __main__ - INFO - Creating model...
2025-05-06 10:30:26,691 - __main__ - INFO - Model created with 132361530 parameters
2025-05-06 10:30:26,692 - __main__ - INFO - Initializing tokenizer...
2025-05-06 10:30:27,090 - __main__ - INFO - Loading datasets...
2025-05-06 10:33:09,509 - __main__ - ERROR - Training data file not found: data/train.csv
2025-05-06 10:33:09,509 - __main__ - INFO - Please make sure the data file exists or update the path in config.json
2025-05-06 10:47:21,576 - __main__ - INFO - Creating inference engine...
2025-05-06 10:48:32,172 - __main__ - INFO - Creating inference engine...
2025-05-06 10:49:21,053 - __main__ - ERROR - Model path does not exist: \src\model.py
2025-05-06 10:49:21,054 - __main__ - ERROR - Please run training first or provide a valid model path
2025-05-06 10:50:40,290 - __main__ - ERROR - Model path does not exist: ./checkpoints/final_model
2025-05-06 10:50:40,290 - __main__ - ERROR - Please run training first or provide a valid model path
2025-05-06 10:52:02,976 - __main__ - ERROR - Model path does not exist: E:\SimpleAI\checkpoints\final_model
2025-05-06 10:52:02,977 - __main__ - ERROR - Please run training first or provide a valid model path
2025-05-06 10:52:52,272 - __main__ - INFO - Creating inference engine...
2025-05-06 10:54:48,892 - __main__ - INFO - Creating inference engine...
2025-05-06 10:55:13,415 - __main__ - ERROR - Model path does not exist: E:\src\model.py
2025-05-06 10:55:13,415 - __main__ - ERROR - Please run training first or provide a valid model path
2025-05-06 10:55:36,627 - __main__ - INFO - Creating inference engine...
2025-05-06 10:56:12,748 - __main__ - ERROR - Training data file not found: data/train.csv
2025-05-06 10:56:12,748 - __main__ - INFO - Please make sure the data file exists or update the path in config.json
2025-05-06 11:09:33,401 - __main__ - INFO - Creating model...
2025-05-06 11:09:36,090 - __main__ - INFO - Model created with 132361530 parameters
2025-05-06 11:09:36,091 - __main__ - INFO - Initializing tokenizer...
2025-05-06 11:09:36,604 - __main__ - INFO - Loading datasets...
2025-05-06 11:09:52,925 - __main__ - INFO - Creating model...
2025-05-06 11:09:55,211 - __main__ - INFO - Model created with 132361530 parameters
2025-05-06 11:09:55,212 - __main__ - INFO - Initializing tokenizer...
2025-05-06 11:09:55,617 - __main__ - INFO - Loading datasets...
2025-05-06 11:17:37,511 - __main__ - INFO - Creating model...
2025-05-06 11:17:39,844 - __main__ - INFO - Model created with 132361530 parameters
2025-05-06 11:17:39,845 - __main__ - INFO - Initializing tokenizer...
2025-05-06 11:17:40,504 - __main__ - INFO - Loading datasets...
2025-05-07 10:19:58,586 - __main__ - INFO - Creating model...
2025-05-07 10:20:01,123 - __main__ - INFO - Model created with 132361530 parameters
2025-05-07 10:20:01,123 - __main__ - INFO - Initializing tokenizer...
2025-05-07 10:20:08,175 - __main__ - INFO - Loading datasets...
2025-05-07 10:24:40,992 - __main__ - INFO - Creating model...
2025-05-07 10:24:43,483 - __main__ - INFO - Model created with 132361530 parameters
2025-05-07 10:24:43,484 - __main__ - INFO - Initializing tokenizer...
2025-05-07 10:24:43,906 - __main__ - INFO - Loading datasets...
2025-05-07 10:27:03,345 - __main__ - INFO - Creating model...
2025-05-07 10:27:05,741 - __main__ - INFO - Model created with 132361530 parameters
2025-05-07 10:27:05,741 - __main__ - INFO - Initializing tokenizer...
2025-05-07 10:27:06,157 - __main__ - INFO - Loading datasets...
2025-05-07 10:28:09,012 - __main__ - INFO - Creating model...
2025-05-07 10:28:11,343 - __main__ - INFO - Model created with 132361530 parameters
2025-05-07 10:28:11,343 - __main__ - INFO - Initializing tokenizer...
2025-05-07 10:28:12,109 - __main__ - INFO - Loading datasets...
2025-05-07 10:28:12,143 - __main__ - INFO - Loaded 1702 training samples
2025-05-07 10:28:12,143 - __main__ - INFO - Loaded 964 evaluation samples
2025-05-07 10:28:12,144 - __main__ - INFO - Initializing trainer...
2025-05-07 10:28:12,145 - __main__ - INFO - Starting training...
2025-05-07 10:28:12,145 - src.training - INFO - Starting training on cpu
2025-05-07 10:46:31,167 - __main__ - INFO - Creating model...
2025-05-07 10:46:34,114 - __main__ - INFO - Model created with 132361530 parameters
2025-05-07 10:46:34,115 - __main__ - INFO - Initializing tokenizer...
2025-05-07 10:46:36,447 - __main__ - INFO - Loading datasets...
2025-05-07 10:46:36,529 - __main__ - INFO - Loaded 1702 training samples
2025-05-07 10:46:36,529 - __main__ - INFO - Loaded 964 evaluation samples
2025-05-07 10:46:36,530 - __main__ - INFO - Initializing trainer...
2025-05-07 10:46:56,624 - __main__ - INFO - Starting training...
2025-05-07 10:46:56,624 - src.training - INFO - Starting training on cpu
